<?xml version="1.0" encoding="UTF-8"?>
<testng-results skipped="0" failed="0" ignored="0" total="1" passed="1">
  <reporter-output>
  </reporter-output>
  <suite name="Default suite" duration-ms="1171" started-at="2018-05-31T12:16:52Z" finished-at="2018-05-31T12:16:53Z">
    <groups>
    </groups>
    <test name="Default test" duration-ms="1171" started-at="2018-05-31T12:16:52Z" finished-at="2018-05-31T12:16:53Z">
      <class name="UniRESTJava.UNIRestClass">
        <test-method status="PASS" signature="shouldReturnStatusOkay()[pri:0, instance:UniRESTJava.UNIRestClass@2b98378d]" name="shouldReturnStatusOkay" duration-ms="1149" started-at="2018-05-31T12:16:52Z" finished-at="2018-05-31T12:16:53Z">
          <reporter-output>
          </reporter-output>
        </test-method> <!-- shouldReturnStatusOkay -->
      </class> <!-- UniRESTJava.UNIRestClass -->
    </test> <!-- Default test -->
  </suite> <!-- Default suite -->
</testng-results>
