<?xml version="1.0" encoding="UTF-8"?>
<testng-results skipped="0" failed="0" ignored="0" total="1" passed="1">
  <reporter-output>
  </reporter-output>
  <suite name="Default suite" duration-ms="10919" started-at="2018-05-14T00:55:06Z" finished-at="2018-05-14T00:55:16Z">
    <groups>
    </groups>
    <test name="Default test" duration-ms="10919" started-at="2018-05-14T00:55:06Z" finished-at="2018-05-14T00:55:16Z">
      <class name="Selenide.SelenideTest">
        <test-method status="PASS" signature="searchGoogle()[pri:0, instance:Selenide.SelenideTest@5622fdf]" name="searchGoogle" duration-ms="10893" started-at="2018-05-14T00:55:06Z" finished-at="2018-05-14T00:55:16Z">
          <reporter-output>
          </reporter-output>
        </test-method> <!-- searchGoogle -->
      </class> <!-- Selenide.SelenideTest -->
    </test> <!-- Default test -->
  </suite> <!-- Default suite -->
</testng-results>
